# JRE version: Java(TM) SE Runtime Environment (8.0_141-b15) (build 1.8.0_141-b15)
# Java VM: Java HotSpot(TM) 64-Bit Server VM (25.141-b15 mixed mode windows-amd64 compressed oops)
Heap:
 PSYoungGen      total 18944K, used 6258K [0x00000000eb500000, 0x00000000eca00000, 0x0000000100000000)
  eden space 16384K, 22% used [0x00000000eb500000,0x00000000eb89c8b0,0x00000000ec500000)
  from space 2560K, 100% used [0x00000000ec780000,0x00000000eca00000,0x00000000eca00000)
  to   space 2560K, 0% used [0x00000000ec500000,0x00000000ec500000,0x00000000ec780000)
 ParOldGen       total 43520K, used 10712K [0x00000000c1e00000, 0x00000000c4880000, 0x00000000eb500000)
  object space 43520K, 24% used [0x00000000c1e00000,0x00000000c2876240,0x00000000c4880000)
 Metaspace       used 24999K, capacity 26212K, committed 26368K, reserved 1071104K
  class space    used 3523K, capacity 3763K, committed 3840K, reserved 1048576K
GC Heap History (10 events):
Event: 3.004 GC heap before
{Heap before GC invocations=1 (full 0):
 PSYoungGen      total 18944K, used 16384K [0x00000000eb500000, 0x00000000eca00000, 0x0000000100000000)
  eden space 16384K, 100% used [0x00000000eb500000,0x00000000ec500000,0x00000000ec500000)
  from space 2560K, 0% used [0x00000000ec780000,0x00000000ec780000,0x00000000eca00000)
  to   space 2560K, 0% used [0x00000000ec500000,0x00000000ec500000,0x00000000ec780000)
 ParOldGen       total 44032K, used 0K [0x00000000c1e00000, 0x00000000c4900000, 0x00000000eb500000)
  object space 44032K, 0% used [0x00000000c1e00000,0x00000000c1e00000,0x00000000c4900000)
 Metaspace       used 10724K, capacity 11106K, committed 11264K, reserved 1058816K
  class space    used 1357K, capacity 1473K, committed 1536K, reserved 1048576K
Event: 3.022 GC heap after
Heap after GC invocations=1 (full 0):
 PSYoungGen      total 18944K, used 2544K [0x00000000eb500000, 0x00000000eca00000, 0x0000000100000000)
  eden space 16384K, 0% used [0x00000000eb500000,0x00000000eb500000,0x00000000ec500000)
  from space 2560K, 99% used [0x00000000ec500000,0x00000000ec77c030,0x00000000ec780000)
  to   space 2560K, 0% used [0x00000000ec780000,0x00000000ec780000,0x00000000eca00000)
 ParOldGen       total 44032K, used 748K [0x00000000c1e00000, 0x00000000c4900000, 0x00000000eb500000)
  object space 44032K, 1% used [0x00000000c1e00000,0x00000000c1ebb3f0,0x00000000c4900000)
 Metaspace       used 10724K, capacity 11106K, committed 11264K, reserved 1058816K
  class space    used 1357K, capacity 1473K, committed 1536K, reserved 1048576K
}
Event: 8.419 GC heap before
{Heap before GC invocations=2 (full 0):
 PSYoungGen      total 18944K, used 18928K [0x00000000eb500000, 0x00000000eca00000, 0x0000000100000000)
  eden space 16384K, 100% used [0x00000000eb500000,0x00000000ec500000,0x00000000ec500000)
  from space 2560K, 99% used [0x00000000ec500000,0x00000000ec77c030,0x00000000ec780000)
  to   space 2560K, 0% used [0x00000000ec780000,0x00000000ec780000,0x00000000eca00000)
 ParOldGen       total 44032K, used 748K [0x00000000c1e00000, 0x00000000c4900000, 0x00000000eb500000)
  object space 44032K, 1% used [0x00000000c1e00000,0x00000000c1ebb3f0,0x00000000c4900000)
 Metaspace       used 17161K, capacity 17662K, committed 17920K, reserved 1064960K
  class space    used 2335K, capacity 2484K, committed 2560K, reserved 1048576K
Event: 8.442 GC heap after
Heap after GC invocations=2 (full 0):
 PSYoungGen      total 18944K, used 2544K [0x00000000eb500000, 0x00000000eca00000, 0x0000000100000000)
  eden space 16384K, 0% used [0x00000000eb500000,0x00000000eb500000,0x00000000ec500000)
  from space 2560K, 99% used [0x00000000ec780000,0x00000000ec9fc060,0x00000000eca00000)
  to   space 2560K, 0% used [0x00000000ec500000,0x00000000ec500000,0x00000000ec780000)
 ParOldGen       total 44032K, used 4125K [0x00000000c1e00000, 0x00000000c4900000, 0x00000000eb500000)
  object space 44032K, 9% used [0x00000000c1e00000,0x00000000c22075b0,0x00000000c4900000)
 Metaspace       used 17161K, capacity 17662K, committed 17920K, reserved 1064960K
  class space    used 2335K, capacity 2484K, committed 2560K, reserved 1048576K
}
Event: 19.728 GC heap before
{Heap before GC invocations=3 (full 0):
 PSYoungGen      total 18944K, used 14865K [0x00000000eb500000, 0x00000000eca00000, 0x0000000100000000)
  eden space 16384K, 75% used [0x00000000eb500000,0x00000000ec1085f8,0x00000000ec500000)
  from space 2560K, 99% used [0x00000000ec780000,0x00000000ec9fc060,0x00000000eca00000)
  to   space 2560K, 0% used [0x00000000ec500000,0x00000000ec500000,0x00000000ec780000)
 ParOldGen       total 44032K, used 4125K [0x00000000c1e00000, 0x00000000c4900000, 0x00000000eb500000)
  object space 44032K, 9% used [0x00000000c1e00000,0x00000000c22075b0,0x00000000c4900000)
 Metaspace       used 20424K, capacity 21052K, committed 21248K, reserved 1067008K
  class space    used 2773K, capacity 2951K, committed 3072K, reserved 1048576K
Event: 19.749 GC heap after
Heap after GC invocations=3 (full 0):
 PSYoungGen      total 18944K, used 2528K [0x00000000eb500000, 0x00000000eca00000, 0x0000000100000000)
  eden space 16384K, 0% used [0x00000000eb500000,0x00000000eb500000,0x00000000ec500000)
  from space 2560K, 98% used [0x00000000ec500000,0x00000000ec778070,0x00000000ec780000)
  to   space 2560K, 0% used [0x00000000ec780000,0x00000000ec780000,0x00000000eca00000)
 ParOldGen       total 44032K, used 8606K [0x00000000c1e00000, 0x00000000c4900000, 0x00000000eb500000)
  object space 44032K, 19% used [0x00000000c1e00000,0x00000000c2667b60,0x00000000c4900000)
 Metaspace       used 20424K, capacity 21052K, committed 21248K, reserved 1067008K
  class space    used 2773K, capacity 2951K, committed 3072K, reserved 1048576K
}
Event: 19.749 GC heap before
{Heap before GC invocations=4 (full 1):
 PSYoungGen      total 18944K, used 2528K [0x00000000eb500000, 0x00000000eca00000, 0x0000000100000000)
  eden space 16384K, 0% used [0x00000000eb500000,0x00000000eb500000,0x00000000ec500000)
  from space 2560K, 98% used [0x00000000ec500000,0x00000000ec778070,0x00000000ec780000)
  to   space 2560K, 0% used [0x00000000ec780000,0x00000000ec780000,0x00000000eca00000)
 ParOldGen       total 44032K, used 8606K [0x00000000c1e00000, 0x00000000c4900000, 0x00000000eb500000)
  object space 44032K, 19% used [0x00000000c1e00000,0x00000000c2667b60,0x00000000c4900000)
 Metaspace       used 20424K, capacity 21052K, committed 21248K, reserved 1067008K
  class space    used 2773K, capacity 2951K, committed 3072K, reserved 1048576K
Event: 19.881 GC heap after
Heap after GC invocations=4 (full 1):
 PSYoungGen      total 18944K, used 0K [0x00000000eb500000, 0x00000000eca00000, 0x0000000100000000)
  eden space 16384K, 0% used [0x00000000eb500000,0x00000000eb500000,0x00000000ec500000)
  from space 2560K, 0% used [0x00000000ec500000,0x00000000ec500000,0x00000000ec780000)
  to   space 2560K, 0% used [0x00000000ec780000,0x00000000ec780000,0x00000000eca00000)
 ParOldGen       total 43520K, used 10164K [0x00000000c1e00000, 0x00000000c4880000, 0x00000000eb500000)
  object space 43520K, 23% used [0x00000000c1e00000,0x00000000c27ed288,0x00000000c4880000)
 Metaspace       used 20424K, capacity 21052K, committed 21248K, reserved 1067008K
  class space    used 2773K, capacity 2951K, committed 3072K, reserved 1048576K
}
Event: 25.548 GC heap before
{Heap before GC invocations=5 (full 1):
 PSYoungGen      total 18944K, used 16384K [0x00000000eb500000, 0x00000000eca00000, 0x0000000100000000)
  eden space 16384K, 100% used [0x00000000eb500000,0x00000000ec500000,0x00000000ec500000)
  from space 2560K, 0% used [0x00000000ec500000,0x00000000ec500000,0x00000000ec780000)
  to   space 2560K, 0% used [0x00000000ec780000,0x00000000ec780000,0x00000000eca00000)
 ParOldGen       total 43520K, used 10164K [0x00000000c1e00000, 0x00000000c4880000, 0x00000000eb500000)
  object space 43520K, 23% used [0x00000000c1e00000,0x00000000c27ed288,0x00000000c4880000)
 Metaspace       used 24578K, capacity 25826K, committed 26112K, reserved 1071104K
  class space    used 3503K, capacity 3762K, committed 3840K, reserved 1048576K
Event: 25.558 GC heap after
Heap after GC invocations=5 (full 1):
 PSYoungGen      total 18944K, used 2560K [0x00000000eb500000, 0x00000000eca00000, 0x0000000100000000)
  eden space 16384K, 0% used [0x00000000eb500000,0x00000000eb500000,0x00000000ec500000)
  from space 2560K, 100% used [0x00000000ec780000,0x00000000eca00000,0x00000000eca00000)
  to   space 2560K, 0% used [0x00000000ec500000,0x00000000ec500000,0x00000000ec780000)
 ParOldGen       total 43520K, used 10712K [0x00000000c1e00000, 0x00000000c4880000, 0x00000000eb500000)
  object space 43520K, 24% used [0x00000000c1e00000,0x00000000c2876240,0x00000000c4880000)
 Metaspace       used 24578K, capacity 25826K, committed 26112K, reserved 1071104K
  class space    used 3503K, capacity 3762K, committed 3840K, reserved 1048576K
}

